<?xml version="1.0" encoding="UTF-8"?>
<!-- Generated by org.testng.reporters.JUnitReportReporter -->
<testsuite skipped="0" hostname="LAPTOP-84BNC9QL" name="ParallelTest.ParallelTesting2" tests="4" failures="0" timestamp="10 Nov 2019 02:20:11 GMT" time="0.019" errors="0">
  <testcase name="launchffBrowser" time="0.014" classname="ParallelTest.ParallelTesting2"/>
  <testcase name="launchffBrowser" time="0.002" classname="ParallelTest.ParallelTesting2"/>
  <testcase name="launchChBrowser" time="0.002" classname="ParallelTest.ParallelTesting2"/>
  <testcase name="launchChBrowser" time="0.001" classname="ParallelTest.ParallelTesting2"/>
</testsuite> <!-- ParallelTest.ParallelTesting2 -->
