<?xml version="1.0" encoding="UTF-8"?>
<!-- Generated by org.testng.reporters.JUnitReportReporter -->
<testsuite skipped="1" hostname="LAPTOP-84BNC9QL" name="com.cloudTest.EmployeeSetupTest" tests="2" failures="0" timestamp="11 Sep 2019 16:25:10 GMT" time="75.793" errors="0">
  <testcase name="validateemp" time="75.793" classname="com.cloudTest.EmployeeSetupTest"/>
  <testcase name="set" classname="com.cloudTest.EmployeeSetupTest">
    <skipped/>
  </testcase> <!-- set -->
</testsuite> <!-- com.cloudTest.EmployeeSetupTest -->
