<?xml version="1.0" encoding="UTF-8"?>
<!-- Generated by org.testng.reporters.JUnitReportReporter -->
<testsuite skipped="1" hostname="LAPTOP-84BNC9QL" name="com.cloudTest.EmployeeTest" tests="1" failures="0" timestamp="11 Sep 2019 02:29:05 GMT" time="0.000" errors="0">
  <testcase name="validatingEmployee" time="0.000" classname="com.cloudTest.EmployeeTest">
    <skipped/>
  </testcase> <!-- validatingEmployee -->
</testsuite> <!-- com.cloudTest.EmployeeTest -->
