<?xml version="1.0" encoding="UTF-8"?>
<!-- Generated by org.testng.reporters.JUnitReportReporter -->
<testsuite skipped="2" hostname="LAPTOP-84BNC9QL" name="PRcloudTesting.EmployeeSetupTest" tests="2" failures="0" timestamp="23 Nov 2019 17:25:46 GMT" time="0.049" errors="0">
  <testcase name="gettingdatfromwebpage" time="0.049" classname="PRcloudTesting.EmployeeSetupTest">
    <skipped/>
  </testcase> <!-- gettingdatfromwebpage -->
  <testcase name="validatingEmployee" classname="PRcloudTesting.EmployeeSetupTest">
    <skipped/>
  </testcase> <!-- validatingEmployee -->
</testsuite> <!-- PRcloudTesting.EmployeeSetupTest -->
