<?xml version="1.0" encoding="UTF-8"?>
<!-- Generated by org.testng.reporters.JUnitReportReporter -->
<testsuite skipped="0" hostname="LAPTOP-84BNC9QL" name="com.cloudTest.Test2" tests="1" failures="0" timestamp="07 Sep 2019 17:46:51 GMT" time="1.117" errors="0">
  <testcase name="check" time="1.117" classname="com.cloudTest.Test2"/>
</testsuite> <!-- com.cloudTest.Test2 -->
